0 info it worked if it ends with ok
1 verbose cli [ '/usr/bin/nodejs', '/usr/bin/npm', 'start' ]
2 info using npm@3.5.2
3 info using node@v4.2.6
4 verbose run-script [ 'prestart', 'start', 'poststart' ]
5 info lifecycle frasesweb@0.0.9~prestart: frasesweb@0.0.9
6 silly lifecycle frasesweb@0.0.9~prestart: no script for prestart, continuing
7 info lifecycle frasesweb@0.0.9~start: frasesweb@0.0.9
8 verbose lifecycle frasesweb@0.0.9~start: unsafe-perm in lifecycle true
9 verbose lifecycle frasesweb@0.0.9~start: PATH: /usr/share/npm/bin/node-gyp-bin:/home/usuario/Desarrollo/frasesWeb/node_modules/.bin:/usr/local/sbin:/usr/local/bin:/usr/sbin:/usr/bin:/sbin:/bin:/usr/games:/usr/local/games
10 verbose lifecycle frasesweb@0.0.9~start: CWD: /home/usuario/Desarrollo/frasesWeb
11 silly lifecycle frasesweb@0.0.9~start: Args: [ '-c', 'node app.js' ]
12 silly lifecycle frasesweb@0.0.9~start: Returned: code: 1  signal: null
13 info lifecycle frasesweb@0.0.9~start: Failed to exec start script
14 verbose stack Error: frasesweb@0.0.9 start: `node app.js`
14 verbose stack Exit status 1
14 verbose stack     at EventEmitter.<anonymous> (/usr/share/npm/lib/utils/lifecycle.js:232:16)
14 verbose stack     at emitTwo (events.js:87:13)
14 verbose stack     at EventEmitter.emit (events.js:172:7)
14 verbose stack     at ChildProcess.<anonymous> (/usr/share/npm/lib/utils/spawn.js:24:14)
14 verbose stack     at emitTwo (events.js:87:13)
14 verbose stack     at ChildProcess.emit (events.js:172:7)
14 verbose stack     at maybeClose (internal/child_process.js:821:16)
14 verbose stack     at Process.ChildProcess._handle.onexit (internal/child_process.js:211:5)
15 verbose pkgid frasesweb@0.0.9
16 verbose cwd /home/usuario/Desarrollo/frasesWeb
17 error Linux 4.4.0-59-generic
18 error argv "/usr/bin/nodejs" "/usr/bin/npm" "start"
19 error node v4.2.6
20 error npm  v3.5.2
21 error code ELIFECYCLE
22 error frasesweb@0.0.9 start: `node app.js`
22 error Exit status 1
23 error Failed at the frasesweb@0.0.9 start script 'node app.js'.
23 error Make sure you have the latest version of node.js and npm installed.
23 error If you do, this is most likely a problem with the frasesweb package,
23 error not with npm itself.
23 error Tell the author that this fails on your system:
23 error     node app.js
23 error You can get information on how to open an issue for this project with:
23 error     npm bugs frasesweb
23 error Or if that isn't available, you can get their info via:
23 error     npm owner ls frasesweb
23 error There is likely additional logging output above.
24 verbose exit [ 1, true ]
